#
# A fatal error has been detected by the Java Runtime Environment:
#
#  EXCEPTION_ACCESS_VIOLATION (0xc0000005) at pc=0x6c5fb293, pid=12240, tid=8152
#
# JRE version: Java(TM) SE Runtime Environment (8.0_20-b26) (build 1.8.0_20-b26)
# Java VM: Java HotSpot(TM) Client VM (25.20-b23 mixed mode, sharing windows-x86 )
# Problematic frame:
# V  [jvm.dll+0xdb293]
#
# Failed to write core dump. Minidumps are not enabled by default on client versions of Windows
#
# If you would like to submit a bug report, please visit:
#   http://bugreport.sun.com/bugreport/crash.jsp
#

---------------  T H R E A D  ---------------

Current thread (0x14bc8800):  JavaThread "AWT-Windows" daemon [_thread_in_vm, id=8152, stack(0x03fb0000,0x04000000)]

siginfo: ExceptionCode=0xc0000005, reading address 0x00000000

Registers:
EAX=0x00000000, EBX=0x00000001, ECX=0x00000040, EDX=0x14bc8b94
ESP=0x03fff120, EBP=0x03fff140, ESI=0x14bc8800, EDI=0x00e4f6ac
EIP=0x6c5fb293, EFLAGS=0x00010246

Top of Stack: (sp=0x03fff120)
0x03fff120:   044d04a0 00e4f6ac 14bc8938 00000001
0x03fff130:   14bc8800 00000000 14bc8800 03fff170
0x03fff140:   03fff170 62438ca4 14bc8938 00000001
0x03fff150:   00e4f6ac 00000000 14d40cc8 14bb61c0
0x03fff160:   00000000 14c2d660 14bb61c8 00000000
0x03fff170:   03fff1e0 6243b315 0000044c 14bb61c0
0x03fff180:   00000001 14bc6678 14bc6528 00000000
0x03fff190:   00000000 00000000 00000002 00000000 

Instructions: (pc=0x6c5fb293)
0x6c5fb273:   00 89 75 f0 c7 45 f4 00 00 00 00 74 08 8d 4d f0
0x6c5fb283:   e8 18 94 0b 00 8b 45 10 8b 00 50 e8 ad f6 f5 ff
0x6c5fb293:   8b 10 83 c4 04 56 8b c8 8b 42 58 6a 00 ff d0 83
0x6c5fb2a3:   7e 04 00 8b f8 74 59 83 7d f4 00 74 08 8d 4d f0 


Register to memory mapping:

EAX=0x00000000 is an unknown value
EBX=0x00000001 is an unknown value
ECX=0x00000040 is an unknown value
EDX=0x14bc8b94 is an unknown value
ESP=0x03fff120 is pointing into the stack for thread: 0x14bc8800
EBP=0x03fff140 is pointing into the stack for thread: 0x14bc8800
ESI=0x14bc8800 is a thread
EDI=0x00e4f6ac is a global jni handle


Stack: [0x03fb0000,0x04000000],  sp=0x03fff120,  free space=316k
Native frames: (J=compiled Java code, j=interpreted, Vv=VM code, C=native code)
V  [jvm.dll+0xdb293]
C  [awt.dll+0x78ca4]
C  [awt.dll+0x7b315]
C  [awt.dll+0x7a8e9]
C  [awt.dll+0xac06d]
C  [awt.dll+0x896d0]
C  [awt.dll+0x7f497]
C  [USER32.dll+0x75b3]
C  [USER32.dll+0x77b8]
C  [USER32.dll+0x9b6a]
C  [awt.dll+0x117df]
C  [COMCTL32.dll+0x3054a]
C  [COMCTL32.dll+0x33b26]
C  [USER32.dll+0x75b3]
C  [USER32.dll+0x77b8]
C  [USER32.dll+0x79e6]
C  [USER32.dll+0x783b]
C  [awt.dll+0xa6754]

Java frames: (J=compiled Java code, j=interpreted, Vv=VM code)
j  sun.awt.windows.WToolkit.eventLoop()V+0
j  sun.awt.windows.WToolkit.run()V+58
j  java.lang.Thread.run()V+11
v  ~StubRoutines::call_stub

---------------  P R O C E S S  ---------------

Java Threads: ( => current thread )
  0x17595800 JavaThread "TimerQueue" daemon [_thread_blocked, id=8080, stack(0x17eb0000,0x17f00000)]
  0x14d1d800 JavaThread "D3D Screen Updater" daemon [_thread_blocked, id=10756, stack(0x17420000,0x17470000)]
  0x00adbc00 JavaThread "DestroyJavaVM" [_thread_blocked, id=5264, stack(0x009d0000,0x00a20000)]
  0x14c01800 JavaThread "AWT-EventQueue-0" [_thread_blocked, id=12120, stack(0x15160000,0x151b0000)]
=>0x14bc8800 JavaThread "AWT-Windows" daemon [_thread_in_vm, id=8152, stack(0x03fb0000,0x04000000)]
  0x14bc7c00 JavaThread "AWT-Shutdown" [_thread_blocked, id=10804, stack(0x03f60000,0x03fb0000)]
  0x14bc6c00 JavaThread "Java2D Disposer" daemon [_thread_blocked, id=10416, stack(0x03f10000,0x03f60000)]
  0x00f06c00 JavaThread "Service Thread" daemon [_thread_blocked, id=7556, stack(0x01200000,0x01250000)]
  0x00ecdc00 JavaThread "C1 CompilerThread0" daemon [_thread_blocked, id=4896, stack(0x011b0000,0x01200000)]
  0x00ecb800 JavaThread "Attach Listener" daemon [_thread_blocked, id=8700, stack(0x01160000,0x011b0000)]
  0x00ec9c00 JavaThread "Signal Dispatcher" daemon [_thread_blocked, id=9644, stack(0x01110000,0x01160000)]
  0x00e5ac00 JavaThread "Finalizer" daemon [_thread_blocked, id=2568, stack(0x010c0000,0x01110000)]
  0x00e54c00 JavaThread "Reference Handler" daemon [_thread_blocked, id=7648, stack(0x01070000,0x010c0000)]

Other Threads:
  0x00e53400 VMThread [stack: 0x01020000,0x01070000] [id=12252]
  0x00f0ac00 WatcherThread [stack: 0x03ec0000,0x03f10000] [id=6556]

VM state:not at safepoint (normal execution)

VM Mutex/Monitor currently owned by a thread: None

Heap:
 def new generation   total 4928K, used 3680K [0x04000000, 0x04550000, 0x09550000)
  eden space 4416K,  71% used [0x04000000, 0x043182c0, 0x04450000)
  from space 512K, 100% used [0x044d0000, 0x04550000, 0x04550000)
  to   space 512K,   0% used [0x04450000, 0x04450000, 0x044d0000)
 tenured generation   total 10944K, used 1380K [0x09550000, 0x0a000000, 0x14000000)
   the space 10944K,  12% used [0x09550000, 0x096a9318, 0x096a9400, 0x0a000000)
 Metaspace       used 1017K, capacity 2421K, committed 2496K, reserved 4480K

Card table byte_map: [0x00f30000,0x00fc0000] byte_map_base: 0x00f10000

Polling page: 0x00a20000

CodeCache: size=32768Kb used=948Kb max_used=948Kb free=31819Kb
 bounds [0x01ec0000, 0x01fb0000, 0x03ec0000]
 total_blobs=470 nmethods=238 adapters=164
 compilation: enabled

Compilation events (10 events):
Event: 9.154 Thread 0x00ecdc00  236             java.util.concurrent.locks.ReentrantLock::lock (8 bytes)
Event: 9.154 Thread 0x00ecdc00 nmethod 236 0x01fac748 code [0x01fac850, 0x01fac8ec]
Event: 9.154 Thread 0x00ecdc00  237             java.util.concurrent.locks.ReentrantLock$NonfairSync::lock (25 bytes)
Event: 9.154 Thread 0x00ecdc00 nmethod 237 0x01fac948 code [0x01faca70, 0x01facbe0]
Event: 11.067 Thread 0x00ecdc00  238             java.awt.geom.Rectangle2D::<init> (5 bytes)
Event: 11.067 Thread 0x00ecdc00 nmethod 238 0x01facd08 code [0x01face00, 0x01face80]
Event: 11.069 Thread 0x00ecdc00  239             java.awt.Rectangle::<init> (26 bytes)
Event: 11.069 Thread 0x00ecdc00 nmethod 239 0x01facec8 code [0x01facfc0, 0x01fad050]
Event: 11.636 Thread 0x00ecdc00  240             sun.awt.AWTAutoShutdown::getInstance (4 bytes)
Event: 11.636 Thread 0x00ecdc00 nmethod 240 0x01fad088 code [0x01fad180, 0x01fad1f0]

GC Heap History (2 events):
Event: 0.495 GC heap before
{Heap before GC invocations=0 (full 0):
 def new generation   total 4928K, used 4416K [0x04000000, 0x04550000, 0x09550000)
  eden space 4416K, 100% used [0x04000000, 0x04450000, 0x04450000)
  from space 512K,   0% used [0x04450000, 0x04450000, 0x044d0000)
  to   space 512K,   0% used [0x044d0000, 0x044d0000, 0x04550000)
 tenured generation   total 10944K, used 0K [0x09550000, 0x0a000000, 0x14000000)
   the space 10944K,   0% used [0x09550000, 0x09550000, 0x09550200, 0x0a000000)
 Metaspace       used 711K, capacity 2421K, committed 2496K, reserved 4480K
Event: 0.503 GC heap after
Heap after GC invocations=1 (full 0):
 def new generation   total 4928K, used 512K [0x04000000, 0x04550000, 0x09550000)
  eden space 4416K,   0% used [0x04000000, 0x04000000, 0x04450000)
  from space 512K, 100% used [0x044d0000, 0x04550000, 0x04550000)
  to   space 512K,   0% used [0x04450000, 0x04450000, 0x044d0000)
 tenured generation   total 10944K, used 1380K [0x09550000, 0x0a000000, 0x14000000)
   the space 10944K,  12% used [0x09550000, 0x096a9318, 0x096a9400, 0x0a000000)
 Metaspace       used 711K, capacity 2421K, committed 2496K, reserved 4480K
}

Deoptimization events (0 events):
No events

Internal exceptions (10 events):
Event: 0.151 Thread 0x00adbc00 Exception <a 'java/security/PrivilegedActionException'> (0x040d17e0) thrown at [D:\re\workspace\8-2-build-windows-i586-cygwin\jdk8u20\1074\hotspot\src\share\vm\prims\jvm.cpp, line 1275]
Event: 0.151 Thread 0x00adbc00 Exception <a 'java/security/PrivilegedActionException'> (0x040d1990) thrown at [D:\re\workspace\8-2-build-windows-i586-cygwin\jdk8u20\1074\hotspot\src\share\vm\prims\jvm.cpp, line 1275]
Event: 0.155 Thread 0x00adbc00 Exception <a 'java/io/FileNotFoundException'> (0x040d39d8) thrown at [D:\re\workspace\8-2-build-windows-i586-cygwin\jdk8u20\1074\hotspot\src\share\vm\prims\jni.cpp, line 716]
Event: 0.171 Thread 0x00adbc00 Exception <a 'java/io/FileNotFoundException'> (0x040ef338) thrown at [D:\re\workspace\8-2-build-windows-i586-cygwin\jdk8u20\1074\hotspot\src\share\vm\prims\jni.cpp, line 716]
Event: 0.186 Thread 0x00adbc00 Exception <a 'java/lang/ClassNotFoundException': java/lang/Null> (0x04107f68) thrown at [D:\re\workspace\8-2-build-windows-i586-cygwin\jdk8u20\1074\hotspot\src\share\vm\classfile\systemDictionary.cpp, line 202]
Event: 0.204 Thread 0x00adbc00 Exception <a 'java/lang/NoSuchFieldError': method resolution failed> (0x04162690) thrown at [D:\re\workspace\8-2-build-windows-i586-cygwin\jdk8u20\1074\hotspot\src\share\vm\prims\methodHandles.cpp, line 1159]
Event: 0.207 Thread 0x00adbc00 Exception <a 'java/lang/NoSuchFieldError': method resolution failed> (0x0416fff0) thrown at [D:\re\workspace\8-2-build-windows-i586-cygwin\jdk8u20\1074\hotspot\src\share\vm\prims\methodHandles.cpp, line 1159]
Event: 0.208 Thread 0x00adbc00 Exception <a 'java/lang/NoSuchFieldError': method resolution failed> (0x04172ee8) thrown at [D:\re\workspace\8-2-build-windows-i586-cygwin\jdk8u20\1074\hotspot\src\share\vm\prims\methodHandles.cpp, line 1159]
Event: 0.382 Thread 0x00adbc00 Exception <a 'java/security/PrivilegedActionException'> (0x042f3020) thrown at [D:\re\workspace\8-2-build-windows-i586-cygwin\jdk8u20\1074\hotspot\src\share\vm\prims\jvm.cpp, line 1275]
Event: 0.382 Thread 0x00adbc00 Exception <a 'java/security/PrivilegedActionException'> (0x042f3ca8) thrown at [D:\re\workspace\8-2-build-windows-i586-cygwin\jdk8u20\1074\hotspot\src\share\vm\prims\jvm.cpp, line 1275]

Events (10 events):
Event: 11.637 Executing VM operation: RevokeBias
Event: 11.637 Executing VM operation: RevokeBias done
Event: 11.637 Executing VM operation: RevokeBias
Event: 11.637 Executing VM operation: RevokeBias done
Event: 12.002 Executing VM operation: RevokeBias
Event: 12.002 Executing VM operation: RevokeBias done
Event: 12.002 Executing VM operation: RevokeBias
Event: 12.002 Executing VM operation: RevokeBias done
Event: 12.002 Executing VM operation: RevokeBias
Event: 12.002 Executing VM operation: RevokeBias done


Dynamic libraries:
0x01290000 - 0x012c0000 	C:\Program Files\Java\jre1.8.0_20\bin\javaw.exe
0x77710000 - 0x77871000 	C:\WINDOWS\SYSTEM32\ntdll.dll
0x756e0000 - 0x757d9000 	C:\WINDOWS\system32\KERNEL32.DLL
0x75460000 - 0x75532000 	C:\WINDOWS\system32\KERNELBASE.dll
0x73fd0000 - 0x74069000 	C:\WINDOWS\system32\apphelp.dll
0x5d6a0000 - 0x5d8f9000 	C:\WINDOWS\AppPatch\AcGenral.DLL
0x769f0000 - 0x76aae000 	C:\WINDOWS\system32\msvcrt.dll
0x775b0000 - 0x775ee000 	C:\WINDOWS\SYSTEM32\sechost.dll
0x74f80000 - 0x74fa2000 	C:\WINDOWS\SYSTEM32\SspiCli.dll
0x76ee0000 - 0x76f21000 	C:\WINDOWS\system32\SHLWAPI.dll
0x74200000 - 0x742e1000 	C:\WINDOWS\SYSTEM32\UxTheme.dll
0x77460000 - 0x775ab000 	C:\WINDOWS\system32\USER32.dll
0x77600000 - 0x77709000 	C:\WINDOWS\system32\GDI32.dll
0x70590000 - 0x705b0000 	C:\WINDOWS\SYSTEM32\WINMM.dll
0x68820000 - 0x68832000 	C:\WINDOWS\SYSTEM32\samcli.dll
0x76f30000 - 0x7703c000 	C:\WINDOWS\system32\ole32.dll
0x75650000 - 0x756d7000 	C:\WINDOWS\system32\OLEAUT32.dll
0x595a0000 - 0x595b5000 	C:\WINDOWS\SYSTEM32\MSACM32.dll
0x6f9b0000 - 0x6f9b8000 	C:\WINDOWS\SYSTEM32\VERSION.dll
0x757e0000 - 0x76997000 	C:\WINDOWS\system32\SHELL32.dll
0x74af0000 - 0x74b09000 	C:\WINDOWS\SYSTEM32\USERENV.dll
0x73610000 - 0x73628000 	C:\WINDOWS\SYSTEM32\dwmapi.dll
0x6f220000 - 0x6f34c000 	C:\WINDOWS\SYSTEM32\urlmon.dll
0x76ad0000 - 0x76b48000 	C:\WINDOWS\system32\ADVAPI32.dll
0x70cd0000 - 0x70d2e000 	C:\WINDOWS\SYSTEM32\WINSPOOL.DRV
0x6ec50000 - 0x6ec64000 	C:\WINDOWS\SYSTEM32\MPR.dll
0x77040000 - 0x77104000 	C:\WINDOWS\system32\RPCRT4.dll
0x77310000 - 0x7745e000 	C:\WINDOWS\SYSTEM32\combase.dll
0x70a00000 - 0x70a20000 	C:\WINDOWS\SYSTEM32\WINMMBASE.dll
0x75150000 - 0x7515e000 	C:\WINDOWS\SYSTEM32\profapi.dll
0x6f390000 - 0x6f5ab000 	C:\WINDOWS\SYSTEM32\iertutil.dll
0x6f6a0000 - 0x6f862000 	C:\WINDOWS\SYSTEM32\WININET.dll
0x751d0000 - 0x7520a000 	C:\WINDOWS\SYSTEM32\cfgmgr32.dll
0x74330000 - 0x7434f000 	C:\WINDOWS\SYSTEM32\DEVOBJ.dll
0x755d0000 - 0x75646000 	C:\WINDOWS\system32\SHCORE.DLL
0x76d60000 - 0x76d85000 	C:\WINDOWS\system32\IMM32.DLL
0x77210000 - 0x77307000 	C:\WINDOWS\system32\MSCTF.dll
0x720d0000 - 0x722b6000 	C:\WINDOWS\WinSxS\x86_microsoft.windows.common-controls_6595b64144ccf1df_6.0.9600.17031_none_a9efdb8b01377ea7\COMCTL32.dll
0x682d0000 - 0x6838f000 	C:\Program Files\Java\jre1.8.0_20\bin\msvcr100.dll
0x6c520000 - 0x6c8c2000 	C:\Program Files\Java\jre1.8.0_20\bin\client\jvm.dll
0x6f9c0000 - 0x6f9c8000 	C:\WINDOWS\SYSTEM32\WSOCK32.dll
0x775f0000 - 0x775f6000 	C:\WINDOWS\system32\PSAPI.DLL
0x769a0000 - 0x769ed000 	C:\WINDOWS\system32\WS2_32.dll
0x77170000 - 0x77177000 	C:\WINDOWS\system32\NSI.dll
0x73990000 - 0x7399c000 	C:\Program Files\Java\jre1.8.0_20\bin\verify.dll
0x6df50000 - 0x6df71000 	C:\Program Files\Java\jre1.8.0_20\bin\java.dll
0x73970000 - 0x73983000 	C:\Program Files\Java\jre1.8.0_20\bin\zip.dll
0x623c0000 - 0x62506000 	C:\Program Files\Java\jre1.8.0_20\bin\awt.dll
0x74360000 - 0x74369000 	C:\WINDOWS\SYSTEM32\kernel.appcore.dll
0x75010000 - 0x75019000 	C:\WINDOWS\SYSTEM32\CRYPTBASE.dll
0x74fb0000 - 0x75002000 	C:\WINDOWS\SYSTEM32\bcryptPrimitives.dll
0x65fa0000 - 0x66158000 	C:\WINDOWS\system32\d3d9.dll
0x576c0000 - 0x58037000 	C:\WINDOWS\SYSTEM32\igdumdim32.dll
0x71960000 - 0x71cca000 	C:\WINDOWS\SYSTEM32\igdusc32.dll
0x6ce10000 - 0x6ce48000 	C:\Program Files\Java\jre1.8.0_20\bin\fontmanager.dll
0x6ee80000 - 0x6ee94000 	C:\Program Files\Java\jre1.8.0_20\bin\net.dll
0x74b10000 - 0x74b55000 	C:\WINDOWS\system32\mswsock.dll
0x737d0000 - 0x737df000 	C:\Program Files\Java\jre1.8.0_20\bin\nio.dll
0x75550000 - 0x755cd000 	C:\WINDOWS\SYSTEM32\clbcatq.dll
0x731e0000 - 0x7332d000 	C:\WINDOWS\SYSTEM32\WindowsCodecs.dll
0x74b60000 - 0x74b78000 	C:\WINDOWS\SYSTEM32\CRYPTSP.dll
0x747b0000 - 0x747df000 	C:\WINDOWS\system32\rsaenh.dll
0x74d30000 - 0x74d4f000 	C:\WINDOWS\SYSTEM32\bcrypt.dll
0x6de30000 - 0x6de60000 	C:\Program Files\Java\jre1.8.0_20\bin\t2k.dll
0x15f30000 - 0x15f76000 	C:\Users\Khanh\Downloads\unikey40RC2-1101-win32\UKHook40.dll
0x539a0000 - 0x53b96000 	C:\Windows\System32\IME\IMEJP\imjptip.dll
0x70bb0000 - 0x70bf8000 	C:\WINDOWS\SYSTEM32\OLEACC.dll
0x703f0000 - 0x70515000 	C:\WINDOWS\SYSTEM32\PROPSYS.dll
0x739a0000 - 0x739c5000 	C:\WINDOWS\SYSTEM32\ntmarta.dll
0x61f20000 - 0x6207b000 	C:\Windows\System32\IME\IMEJP\imjpapi.dll
0x68530000 - 0x6855a000 	C:\Windows\System32\IME\shared\imjkapi.dll
0x63d90000 - 0x63e1e000 	C:\Windows\System32\IME\IMEJP\imjppred.dll
0x62220000 - 0x622d4000 	C:\Windows\System32\IME\shared\imetip.dll
0x73390000 - 0x734db000 	C:\WINDOWS\SYSTEM32\DUI70.dll
0x6ce90000 - 0x6cea6000 	C:\Windows\System32\IME\shared\imecfm.dll
0x6f140000 - 0x6f1a7000 	C:\WINDOWS\SYSTEM32\wer.dll
0x71470000 - 0x7148a000 	C:\Windows\System32\IME\SHARED\imesearchdll.dll
0x63ce0000 - 0x63d90000 	C:\Windows\System32\IME\IMEJP\imjplmp.dll
0x62120000 - 0x6221d000 	C:\Windows\System32\IME\shared\mscand20.dll
0x70e50000 - 0x70e56000 	C:\WINDOWS\SYSTEM32\MSIMG32.dll
0x71e50000 - 0x71ec6000 	C:\WINDOWS\SYSTEM32\DUser.dll
0x6b3a0000 - 0x6b3da000 	C:\Windows\System32\IME\SHARED\imelm.dll
0x6e360000 - 0x6e369000 	C:\Windows\System32\IME\SHARED\imebrokerps.dll
0x6b320000 - 0x6b344000 	C:\Program Files\Java\jre1.8.0_20\bin\dcpr.dll
0x73a00000 - 0x73b48000 	C:\WINDOWS\SYSTEM32\dbghelp.dll

VM Arguments:
jvm_args: -Dfile.encoding=MS932 
java_command: KjAddDialog
java_class_path (initial): E:\Java Projects\KanjiMemo\bin
Launcher Type: SUN_STANDARD

Environment Variables:
PATH=C:/Program Files/Java/jre1.8.0_20/bin/client;C:/Program Files/Java/jre1.8.0_20/bin;C:/Program Files/Java/jre1.8.0_20/lib/i386;C:\ProgramData\Oracle\Java\javapath;C:\Program Files\Intel\iCLS Client\;C:\WINDOWS\system32;C:\WINDOWS;C:\WINDOWS\System32\Wbem;C:\WINDOWS\System32\WindowsPowerShell\v1.0\;C:\Program Files\Lenovo\Bluetooth Software\;C:\Program Files\Intel\Intel(R) Management Engine Components\DAL;C:\Program Files\Intel\Intel(R) Management Engine Components\IPT;C:\Program Files\Microsoft\Web Platform Installer\;C:\Program Files\Microsoft ASP.NET\ASP.NET Web Pages\v1.0\;C:\Program Files\Microsoft SQL Server\110\Tools\Binn\;C:\Program Files\Windows Kits\8.1\Windows Performance Toolkit\;C:\Program Files\QuickTime\QTSystem\;C:\Program Files\Git\cmd;C:\Users\Khanh\Downloads\cocos2d-x-3.0\tools\cocos2d-console\bin;C:\Program Files\SSH Communications Security\SSH Secure Shell;E:\eclipse;
USERNAME=Khanh
OS=Windows_NT
PROCESSOR_IDENTIFIER=x86 Family 6 Model 58 Stepping 9, GenuineIntel



---------------  S Y S T E M  ---------------

OS: Windows 8.1 Build 9600 

CPU:total 4 (2 cores per cpu, 2 threads per core) family 6 model 58 stepping 9, cmov, cx8, fxsr, mmx, sse, sse2, sse3, ssse3, sse4.1, sse4.2, popcnt, avx, aes, clmul, erms, ht, tsc, tscinvbit, tscinv

Memory: 4k page, physical 3318120k(969524k free), swap 7512424k(2183120k free)

vm_info: Java HotSpot(TM) Client VM (25.20-b23) for windows-x86 JRE (1.8.0_20-b26), built on Jul 30 2014 18:14:41 by "java_re" with MS VC++ 10.0 (VS2010)

time: Fri Oct 24 22:27:19 2014
elapsed time: 13 seconds (0d 0h 0m 13s)

